1/6/1 | Igrac Ivcha_ | Komanda: /aduty
1/6/18 | Igrac Ivcha_ | Komanda: /pepsisat
1/6/21 | Igrac Ivcha_ | Komanda: /ah
1/7/19 | Igrac Ivcha_ | Komanda: /stats
1/7/38 | Igrac Ivcha_ | Komanda: /aduty
1/7/42 | Igrac Ivcha_ | Komanda: /pepsisat
1/7/44 | Igrac Ivcha_ | Komanda: /aduty
1/7/48 | Igrac Ivcha_ | Komanda: /podesistats
1/7/52 | Igrac Ivcha_ | Komanda: /podesistats
1/8/5 | Igrac Ivcha_ | Komanda: /podesistats
1/8/9 | Igrac Ivcha_ | Komanda: /podesistats
1/8/12 | Igrac Ivcha_ | Komanda: /podesistats
1/8/15 | Igrac Ivcha_ | Komanda: /podesistats
1/8/29 | Igrac Ivcha_ | Komanda: /avozilo
1/9/7 | Igrac Ivcha_ | Komanda: /anrg
1/9/13 | Igrac Ivcha_ | Komanda: /port
1/9/19 | Igrac Ivcha_ | Komanda: /port
1/10/32 | Igrac Ivcha_ | Komanda: /kupiauto
1/10/40 | Igrac Ivcha_ | Komanda: /podesistats
1/10/46 | Igrac Ivcha_ | Komanda: /kupiauto
1/10/49 | Igrac Ivcha_ | Komanda: /dajnovac
1/10/57 | Igrac Ivcha_ | Komanda: /dajnovac
1/11/50 | Igrac Ivcha_ | Komanda: /v
1/12/4 | Igrac Ivcha_ | Komanda: /rtc
1/16/27 | Igrac Ivcha_Esco | Komanda: /vportvozilo
1/16/30 | Igrac Ivcha_Esco | Komanda: /aduty
1/16/31 | Igrac Ivcha_Esco | Komanda: /pepsisat
1/16/33 | Igrac Ivcha_Esco | Komanda: /aduty
1/16/35 | Igrac Ivcha_Esco | Komanda: /anrg
1/16/41 | Igrac Ivcha_Esco | Komanda: /port
1/16/46 | Igrac Ivcha_Esco | Komanda: /port
1/17/13 | Igrac Ivcha_Esco | Komanda: /kupiauto
1/17/21 | Igrac Ivcha_Esco | Komanda: /podesistats
1/17/28 | Igrac Ivcha_Esco | Komanda: /kupiauto
1/18/11 | Igrac Ivcha_Esco | Komanda: /v
1/18/24 | Igrac Ivcha_Esco | Komanda: /rtc
1/18/28 | Igrac Ivcha_Esco | Komanda: /vportvozilo
1/19/46 | Igrac Ivcha_Esco | Komanda: /stats
1/19/59 | Igrac Ivcha_Esco | Komanda: /ah
1/20/9 | Igrac Ivcha_Esco | Komanda: /anrg
1/20/11 | Igrac Ivcha_Esco | Komanda: /aduty
1/20/12 | Igrac Ivcha_Esco | Komanda: /anrg
1/20/15 | Igrac Ivcha_Esco | Komanda: /port
1/20/37 | Igrac Ivcha_Esco | Komanda: /gepek
1/20/44 | Igrac Ivcha_Esco | Komanda: /gepek
1/20/47 | Igrac Ivcha_Esco | Komanda: /gepek
1/20/51 | Igrac Ivcha_Esco | Komanda: /gepek
1/20/54 | Igrac Ivcha_Esco | Komanda: /gepek
1/39/30 | Igrac Ivcha_Esco | Komanda: /rac
1/59/24 | Igrac Ivcha_Esco | Komanda: /aduty
1/59/29 | Igrac Ivcha_Esco | Komanda: /pepsisat
1/59/33 | Igrac Ivcha_Esco | Komanda: /aduty
1/59/34 | Igrac Ivcha_Esco | Komanda: /anrg
1/59/37 | Igrac Ivcha_Esco | Komanda: /port
1/59/54 | Igrac Ivcha_Esco | Komanda: /port
2/0/5 | Igrac Ivcha_Esco | Komanda: /kupiauto
2/0/15 | Igrac Ivcha_Esco | Komanda: /podesistats
2/0/20 | Igrac Ivcha_Esco | Komanda: /podesistats
2/0/23 | Igrac Ivcha_Esco | Komanda: /podesistats
2/0/36 | Igrac Ivcha_Esco | Komanda: /kupiauto
2/1/11 | Igrac Ivcha_Esco | Komanda: /v
2/2/11 | Igrac Ivcha_Esco | Komanda: /ah
2/2/15 | Igrac Ivcha_Esco | Komanda: /portvozilo
2/2/17 | Igrac Ivcha_Esco | Komanda: /port
2/2/31 | Igrac Ivcha_Esco | Komanda: /aduty
2/2/37 | Igrac Ivcha_Esco | Komanda: /podesistats
2/2/42 | Igrac Ivcha_Esco | Komanda: /podesistats
2/2/46 | Igrac Ivcha_Esco | Komanda: /podesistats
2/8/2 | Igrac Ivcha_Esco | Komanda: /gepek
2/8/12 | Igrac Ivcha_Esco | Komanda: /gepek
2/37/19 | Igrac Ivcha_Esco | Komanda: /ah
2/37/23 | Igrac Ivcha_Esco | Komanda: /port
2/38/0 | Igrac Ivcha_Esco | Komanda: /podesistats
2/38/1 | Igrac Ivcha_Esco | Komanda: /aduty
2/38/3 | Igrac Ivcha_Esco | Komanda: /podesistats
2/38/21 | Igrac Ivcha_Esco | Komanda: /v
2/39/26 | Igrac Ivcha_Esco | Komanda: /ah
2/39/28 | Igrac Ivcha_Esco | Komanda: /port
2/40/38 | Igrac Ivcha_Esco | Komanda: /ah
2/40/40 | Igrac Ivcha_Esco | Komanda: /port
2/40/50 | Igrac Ivcha_Esco | Komanda: /jetpack
2/40/52 | Igrac Ivcha_Esco | Komanda: /aduty
2/40/53 | Igrac Ivcha_Esco | Komanda: /jetpack
2/55/17 | Igrac Ivcha_Esco | Komanda: /ah
2/55/20 | Igrac Ivcha_Esco | Komanda: /port
2/55/39 | Igrac Ivcha_Esco | Komanda: /v
2/55/45 | Igrac Ivcha_Esco | Komanda: /v
2/56/46 | Igrac Ivcha_Esco | Komanda: /ah
2/56/50 | Igrac Ivcha_Esco | Komanda: /port
2/57/13 | Igrac Ivcha_Esco | Komanda: /aduty
2/57/14 | Igrac Ivcha_Esco | Komanda: /jetpack
2/59/39 | Igrac Ivcha_Esco | Komanda: /svima
2/59/42 | Igrac Ivcha_Esco | Komanda: /svima
2/59/44 | Igrac Ivcha_Esco | Komanda: /svima
2/59/46 | Igrac Ivcha_Esco | Komanda: /svima
2/59/48 | Igrac Ivcha_Esco | Komanda: /svima
2/59/49 | Igrac Ivcha_Esco | Komanda: /svima
2/59/50 | Igrac Ivcha_Esco | Komanda: /svima
2/59/51 | Igrac Ivcha_Esco | Komanda: /svima
3/51/15 | Igrac Ivcha_Esco | Komanda: /ah
3/51/20 | Igrac Ivcha_Esco | Komanda: /racc
3/53/34 | Igrac Ivcha_Esco | Komanda: /ah
3/53/43 | Igrac Ivcha_Esco | Komanda: /cc
3/53/45 | Igrac Ivcha_Esco | Komanda: /aduty
3/53/52 | Igrac Ivcha_Esco | Komanda: /gepek
3/53/55 | Igrac Ivcha_Esco | Komanda: /vportvozilo
3/54/2 | Igrac Ivcha_Esco | Komanda: /aoruzije
3/54/4 | Igrac Ivcha_Esco | Komanda: /gepek
3/54/7 | Igrac Ivcha_Esco | Komanda: /gepek
3/54/48 | Igrac Ivcha_Esco | Komanda: /gepek
3/57/1 | Igrac Ivcha_Esco | Komanda: /gepek
3/57/5 | Igrac Ivcha_Esco | Komanda: /gepek
3/57/29 | Igrac Ivcha_Esco | Komanda: /rac
4/0/16 | Igrac Ivcha_Esco | Komanda: /ah
4/0/27 | Igrac Ivcha_Esco | Komanda: /vportvozilo
4/0/33 | Igrac Ivcha_Esco | Komanda: /aduty
4/0/38 | Igrac Ivcha_Esco | Komanda: /aoruzije
4/0/39 | Igrac Ivcha_Esco | Komanda: /gepek
4/20/54 | Igrac Ivcha_Esco | Komanda: /aduty
4/20/56 | Igrac Ivcha_Esco | Komanda: /rac
4/21/36 | Igrac Ivcha_Esco | Komanda: /racc
11/40/23 | Igrac Ivcha | Komanda: /ah
11/40/36 | Igrac Ivcha | Komanda: /ah
11/45/16 | Igrac Ivcha | Komanda: /ah
11/45/21 | Igrac Ivcha | Komanda: /neaktivnost
11/45/24 | Igrac Ivcha | Komanda: /neaktivnost
11/54/35 | Igrac Ivcha | Komanda: /avozilo
11/54/36 | Igrac Ivcha | Komanda: /aduty
11/54/38 | Igrac Ivcha | Komanda: /avozilo
11/54/40 | Igrac Ivcha | Komanda: /avozilo
11/54/42 | Igrac Ivcha | Komanda: /h
11/54/43 | Igrac Ivcha | Komanda: /ah
12/8/8 | Igrac Ivcha | Komanda: /avozilo
12/15/40 | Igrac Ivcha | Komanda: /kreirajaktora
12/15/44 | Igrac Ivcha | Komanda: /kreirajaktora
12/15/49 | Igrac Ivcha | Komanda: /izbrisiaktora
12/15/51 | Igrac Ivcha | Komanda: /izbrisiaktora
12/21/21 | Igrac Ivcha | Komanda: /PORT
12/32/4 | Igrac Ivcha | Komanda: /postaviadmina
12/32/9 | Igrac Ivcha | Komanda: /cokacola
12/32/10 | Igrac Ivcha | Komanda: /ah
12/32/13 | Igrac Ivcha | Komanda: /postaviadmina
12/32/45 | Igrac Ivcha | Komanda: /postaviadmina
12/32/53 | Igrac Ivcha | Komanda: /mindzela
12/32/54 | Igrac Ivcha | Komanda: /ah
12/33/3 | Igrac Ivcha | Komanda: /postaviadmina
12/34/35 | Igrac Ivcha | Komanda: /postaviadmina
12/34/40 | Igrac Ivcha | Komanda: /admini
12/34/43 | Igrac Ivcha | Komanda: /cokacola
12/34/44 | Igrac Ivcha | Komanda: /admini
12/34/47 | Igrac Ivcha | Komanda: /postaviadmina
12/34/57 | Igrac Ivcha | Komanda: /postaviadmina
12/35/0 | Igrac Ivcha | Komanda: /postaviadmina
12/35/4 | Igrac Ivcha | Komanda: /cokacola
12/35/9 | Igrac Ivcha | Komanda: /postaviadmina
12/35/11 | Igrac Ivcha | Komanda: /postaviadmina
0/51/21 | Igrac Domba_Barcan | Komanda: /aduty
0/51/25 | Igrac Domba_Barcan | Komanda: /ah
0/52/3 | Igrac Domba_Barcan | Komanda: /postavihelpera
0/52/16 | Igrac Domba_Barcan | Komanda: /postaviadmina
0/52/32 | Igrac Domba_Barcan | Komanda: /postavilidera
0/52/40 | Igrac Domba_Barcan | Komanda: /postavipromotera
0/52/46 | Igrac Domba_Barcan | Komanda: /postavivipa
0/53/16 | Igrac Domba_Barcan | Komanda: /ah
0/53/59 | Igrac Domba_Barcan | Komanda: /ah
0/54/24 | Igrac Domba_Barcan | Komanda: /komande
0/54/30 | Igrac Domba_Barcan | Komanda: /setskin
0/54/31 | Igrac Domba_Barcan | Komanda: /setskin
0/54/35 | Igrac Domba_Barcan | Komanda: /setskin
0/54/37 | Igrac Domba_Barcan | Komanda: /cc
0/54/40 | Igrac Domba_Barcan | Komanda: /stats
11/38/52 | Igrac Domba_Barcan | Komanda: /ah
11/39/54 | Igrac Domba_Barcan | Komanda: /port
11/40/13 | Igrac Domba_Barcan | Komanda: /port
11/40/28 | Igrac Domba_Barcan | Komanda: /kupiauto
11/42/12 | Igrac Domba_Barcan | Komanda: /port
11/42/15 | Igrac Domba_Barcan | Komanda: /port
11/42/25 | Igrac Domba_Barcan | Komanda: /port
11/43/20 | Igrac Domba_Barcan | Komanda: /kreirajkucu
11/43/23 | Igrac Domba_Barcan | Komanda: /aduty
11/43/24 | Igrac Domba_Barcan | Komanda: /kreirajkucu
11/43/38 | Igrac Domba_Barcan | Komanda: /kreirajkucu
11/43/44 | Igrac Domba_Barcan | Komanda: /kupikucu
11/43/50 | Igrac Domba_Barcan | Komanda: /podesinovac
11/43/55 | Igrac Domba_Barcan | Komanda: /podesinovac
11/44/28 | Igrac Domba_Barcan | Komanda: /kupikucu
11/45/52 | Igrac Domba_Barcan | Komanda: /v
11/45/54 | Igrac Domba_Barcan | Komanda: /v
11/45/55 | Igrac Domba_Barcan | Komanda: /v
20/32/51 | Igrac Amke_Original | Komanda: /aduty
20/32/54 | Igrac Amke_Original | Komanda: /ah
20/33/4 | Igrac Amke_Original | Komanda: /avozilo
20/34/46 | Igrac Amke_Original | Komanda: /postaviadmina
20/35/2 | Igrac Amke_Original | Komanda: /ah
